<?xml version="1.0" encoding="UTF-8"?>
<!-- Generated by org.testng.reporters.JUnitReportReporter -->
<testsuite hostname="DESKTOP-3BUHTSL" failures="0" tests="1" name="com.ziprecruiter.tests.HomePageTest" time="8.859" errors="0" timestamp="2025-07-08T14:23:07 CDT" skipped="0">
  <testcase classname="com.ziprecruiter.tests.HomePageTest" name="testHomePageLoads" time="8.859"/>
</testsuite> <!-- com.ziprecruiter.tests.HomePageTest -->
