<?xml version="1.0" encoding="UTF-8"?>
<!-- Generated by org.testng.reporters.JUnitReportReporter -->
<testsuite hostname="DESKTOP-3BUHTSL" failures="0" tests="1" name="com.ziprecruiter.tests.HomePageTest" time="31.064" errors="0" timestamp="2025-07-10T11:45:58 CDT" skipped="0">
  <testcase classname="com.ziprecruiter.tests.HomePageTest" name="testHomePageLoads" time="31.064"/>
</testsuite> <!-- com.ziprecruiter.tests.HomePageTest -->
